<?xml version="1.0" encoding="UTF-8"?>
<testsuite xmlns:xsi="http://www.w3.org/2001/XMLSchema-instance" xsi:noNamespaceSchemaLocation="https://maven.apache.org/surefire/maven-surefire-plugin/xsd/surefire-test-report.xsd" name="com.springboot.AppTest" time="0.06" tests="1" errors="0" skipped="0" failures="0">
  <properties>
    <property name="sun.desktop" value="windows"/>
    <property name="awt.toolkit" value="sun.awt.windows.WToolkit"/>
    <property name="file.encoding.pkg" value="sun.io"/>
    <property name="java.specification.version" value="1.8"/>
    <property name="sun.cpu.isalist" value="amd64"/>
    <property name="sun.jnu.encoding" value="GBK"/>
    <property name="java.class.path" value="C:\Users\zhaoyg\eclipse-workspace\springboot\target\test-classes;C:\Users\zhaoyg\eclipse-workspace\springboot\target\classes;D:\space\MavenRepository\maven_jar\org\springframework\boot\spring-boot-starter\2.0.5.RELEASE\spring-boot-starter-2.0.5.RELEASE.jar;D:\space\MavenRepository\maven_jar\org\springframework\boot\spring-boot\2.0.5.RELEASE\spring-boot-2.0.5.RELEASE.jar;D:\space\MavenRepository\maven_jar\org\springframework\spring-context\5.0.9.RELEASE\spring-context-5.0.9.RELEASE.jar;D:\space\MavenRepository\maven_jar\org\springframework\boot\spring-boot-autoconfigure\2.0.5.RELEASE\spring-boot-autoconfigure-2.0.5.RELEASE.jar;D:\space\MavenRepository\maven_jar\org\springframework\boot\spring-boot-starter-logging\2.0.5.RELEASE\spring-boot-starter-logging-2.0.5.RELEASE.jar;D:\space\MavenRepository\maven_jar\ch\qos\logback\logback-classic\1.2.3\logback-classic-1.2.3.jar;D:\space\MavenRepository\maven_jar\ch\qos\logback\logback-core\1.2.3\logback-core-1.2.3.jar;D:\space\MavenRepository\maven_jar\org\slf4j\slf4j-api\1.7.25\slf4j-api-1.7.25.jar;D:\space\MavenRepository\maven_jar\org\apache\logging\log4j\log4j-to-slf4j\2.10.0\log4j-to-slf4j-2.10.0.jar;D:\space\MavenRepository\maven_jar\org\apache\logging\log4j\log4j-api\2.10.0\log4j-api-2.10.0.jar;D:\space\MavenRepository\maven_jar\org\slf4j\jul-to-slf4j\1.7.25\jul-to-slf4j-1.7.25.jar;D:\space\MavenRepository\maven_jar\javax\annotation\javax.annotation-api\1.3.2\javax.annotation-api-1.3.2.jar;D:\space\MavenRepository\maven_jar\org\springframework\spring-core\5.0.9.RELEASE\spring-core-5.0.9.RELEASE.jar;D:\space\MavenRepository\maven_jar\org\springframework\spring-jcl\5.0.9.RELEASE\spring-jcl-5.0.9.RELEASE.jar;D:\space\MavenRepository\maven_jar\org\yaml\snakeyaml\1.19\snakeyaml-1.19.jar;D:\space\MavenRepository\maven_jar\org\springframework\boot\spring-boot-starter-web\2.0.5.RELEASE\spring-boot-starter-web-2.0.5.RELEASE.jar;D:\space\MavenRepository\maven_jar\org\springframework\boot\spring-boot-starter-json\2.0.5.RELEASE\spring-boot-starter-json-2.0.5.RELEASE.jar;D:\space\MavenRepository\maven_jar\com\fasterxml\jackson\core\jackson-databind\2.9.6\jackson-databind-2.9.6.jar;D:\space\MavenRepository\maven_jar\com\fasterxml\jackson\core\jackson-annotations\2.9.0\jackson-annotations-2.9.0.jar;D:\space\MavenRepository\maven_jar\com\fasterxml\jackson\core\jackson-core\2.9.6\jackson-core-2.9.6.jar;D:\space\MavenRepository\maven_jar\com\fasterxml\jackson\datatype\jackson-datatype-jdk8\2.9.6\jackson-datatype-jdk8-2.9.6.jar;D:\space\MavenRepository\maven_jar\com\fasterxml\jackson\datatype\jackson-datatype-jsr310\2.9.6\jackson-datatype-jsr310-2.9.6.jar;D:\space\MavenRepository\maven_jar\com\fasterxml\jackson\module\jackson-module-parameter-names\2.9.6\jackson-module-parameter-names-2.9.6.jar;D:\space\MavenRepository\maven_jar\org\springframework\boot\spring-boot-starter-tomcat\2.0.5.RELEASE\spring-boot-starter-tomcat-2.0.5.RELEASE.jar;D:\space\MavenRepository\maven_jar\org\apache\tomcat\embed\tomcat-embed-core\8.5.34\tomcat-embed-core-8.5.34.jar;D:\space\MavenRepository\maven_jar\org\apache\tomcat\embed\tomcat-embed-el\8.5.34\tomcat-embed-el-8.5.34.jar;D:\space\MavenRepository\maven_jar\org\apache\tomcat\embed\tomcat-embed-websocket\8.5.34\tomcat-embed-websocket-8.5.34.jar;D:\space\MavenRepository\maven_jar\org\hibernate\validator\hibernate-validator\6.0.12.Final\hibernate-validator-6.0.12.Final.jar;D:\space\MavenRepository\maven_jar\javax\validation\validation-api\2.0.1.Final\validation-api-2.0.1.Final.jar;D:\space\MavenRepository\maven_jar\org\jboss\logging\jboss-logging\3.3.2.Final\jboss-logging-3.3.2.Final.jar;D:\space\MavenRepository\maven_jar\com\fasterxml\classmate\1.3.4\classmate-1.3.4.jar;D:\space\MavenRepository\maven_jar\org\springframework\spring-web\5.0.9.RELEASE\spring-web-5.0.9.RELEASE.jar;D:\space\MavenRepository\maven_jar\org\springframework\spring-beans\5.0.9.RELEASE\spring-beans-5.0.9.RELEASE.jar;D:\space\MavenRepository\maven_jar\org\springframework\spring-webmvc\5.0.9.RELEASE\spring-webmvc-5.0.9.RELEASE.jar;D:\space\MavenRepository\maven_jar\org\springframework\spring-aop\5.0.9.RELEASE\spring-aop-5.0.9.RELEASE.jar;D:\space\MavenRepository\maven_jar\org\springframework\spring-expression\5.0.9.RELEASE\spring-expression-5.0.9.RELEASE.jar;D:\space\MavenRepository\maven_jar\junit\junit\4.12\junit-4.12.jar;D:\space\MavenRepository\maven_jar\org\hamcrest\hamcrest-core\1.3\hamcrest-core-1.3.jar;D:\space\MavenRepository\maven_jar\org\springframework\boot\spring-boot-devtools\2.0.5.RELEASE\spring-boot-devtools-2.0.5.RELEASE.jar;D:\space\MavenRepository\maven_jar\org\springframework\boot\spring-boot-starter-freemarker\2.0.5.RELEASE\spring-boot-starter-freemarker-2.0.5.RELEASE.jar;D:\space\MavenRepository\maven_jar\org\freemarker\freemarker\2.3.28\freemarker-2.3.28.jar;D:\space\MavenRepository\maven_jar\org\springframework\spring-context-support\5.0.9.RELEASE\spring-context-support-5.0.9.RELEASE.jar;D:\space\MavenRepository\maven_jar\org\projectlombok\lombok\1.16.22\lombok-1.16.22.jar;D:\space\MavenRepository\maven_jar\org\xerial\sqlite-jdbc\3.23.1\sqlite-jdbc-3.23.1.jar;D:\space\MavenRepository\maven_jar\org\mybatis\spring\boot\mybatis-spring-boot-starter\1.3.1\mybatis-spring-boot-starter-1.3.1.jar;D:\space\MavenRepository\maven_jar\org\springframework\boot\spring-boot-starter-jdbc\2.0.5.RELEASE\spring-boot-starter-jdbc-2.0.5.RELEASE.jar;D:\space\MavenRepository\maven_jar\com\zaxxer\HikariCP\2.7.9\HikariCP-2.7.9.jar;D:\space\MavenRepository\maven_jar\org\springframework\spring-jdbc\5.0.9.RELEASE\spring-jdbc-5.0.9.RELEASE.jar;D:\space\MavenRepository\maven_jar\org\springframework\spring-tx\5.0.9.RELEASE\spring-tx-5.0.9.RELEASE.jar;D:\space\MavenRepository\maven_jar\org\mybatis\spring\boot\mybatis-spring-boot-autoconfigure\1.3.1\mybatis-spring-boot-autoconfigure-1.3.1.jar;D:\space\MavenRepository\maven_jar\org\mybatis\mybatis\3.4.5\mybatis-3.4.5.jar;D:\space\MavenRepository\maven_jar\org\mybatis\mybatis-spring\1.3.1\mybatis-spring-1.3.1.jar;D:\space\MavenRepository\maven_jar\net\sf\json-lib\json-lib\2.2.3\json-lib-2.2.3-jdk15.jar;D:\space\MavenRepository\maven_jar\commons-beanutils\commons-beanutils\1.7.0\commons-beanutils-1.7.0.jar;D:\space\MavenRepository\maven_jar\commons-collections\commons-collections\3.2\commons-collections-3.2.jar;D:\space\MavenRepository\maven_jar\commons-lang\commons-lang\2.4\commons-lang-2.4.jar;D:\space\MavenRepository\maven_jar\commons-logging\commons-logging\1.1.1\commons-logging-1.1.1.jar;D:\space\MavenRepository\maven_jar\net\sf\ezmorph\ezmorph\1.0.6\ezmorph-1.0.6.jar;"/>
    <property name="java.vm.vendor" value="Oracle Corporation"/>
    <property name="sun.arch.data.model" value="64"/>
    <property name="user.variant" value=""/>
    <property name="java.vendor.url" value="http://java.oracle.com/"/>
    <property name="user.timezone" value=""/>
    <property name="java.vm.specification.version" value="1.8"/>
    <property name="os.name" value="Windows 10"/>
    <property name="user.country" value="CN"/>
    <property name="sun.java.launcher" value="SUN_STANDARD"/>
    <property name="sun.boot.library.path" value="D:\program files\Java\jdk1.8.0_152\jre\bin"/>
    <property name="sun.java.command" value="C:\Users\zhaoyg\AppData\Local\Temp\surefire7572141289912080477\surefirebooter6588773236556246643.jar C:\Users\zhaoyg\AppData\Local\Temp\surefire7572141289912080477 2020-03-24T17-30-21_786-jvmRun1 surefire8145575049114327910tmp surefire_09181484960968379199tmp"/>
    <property name="surefire.test.class.path" value="C:\Users\zhaoyg\eclipse-workspace\springboot\target\test-classes;C:\Users\zhaoyg\eclipse-workspace\springboot\target\classes;D:\space\MavenRepository\maven_jar\org\springframework\boot\spring-boot-starter\2.0.5.RELEASE\spring-boot-starter-2.0.5.RELEASE.jar;D:\space\MavenRepository\maven_jar\org\springframework\boot\spring-boot\2.0.5.RELEASE\spring-boot-2.0.5.RELEASE.jar;D:\space\MavenRepository\maven_jar\org\springframework\spring-context\5.0.9.RELEASE\spring-context-5.0.9.RELEASE.jar;D:\space\MavenRepository\maven_jar\org\springframework\boot\spring-boot-autoconfigure\2.0.5.RELEASE\spring-boot-autoconfigure-2.0.5.RELEASE.jar;D:\space\MavenRepository\maven_jar\org\springframework\boot\spring-boot-starter-logging\2.0.5.RELEASE\spring-boot-starter-logging-2.0.5.RELEASE.jar;D:\space\MavenRepository\maven_jar\ch\qos\logback\logback-classic\1.2.3\logback-classic-1.2.3.jar;D:\space\MavenRepository\maven_jar\ch\qos\logback\logback-core\1.2.3\logback-core-1.2.3.jar;D:\space\MavenRepository\maven_jar\org\slf4j\slf4j-api\1.7.25\slf4j-api-1.7.25.jar;D:\space\MavenRepository\maven_jar\org\apache\logging\log4j\log4j-to-slf4j\2.10.0\log4j-to-slf4j-2.10.0.jar;D:\space\MavenRepository\maven_jar\org\apache\logging\log4j\log4j-api\2.10.0\log4j-api-2.10.0.jar;D:\space\MavenRepository\maven_jar\org\slf4j\jul-to-slf4j\1.7.25\jul-to-slf4j-1.7.25.jar;D:\space\MavenRepository\maven_jar\javax\annotation\javax.annotation-api\1.3.2\javax.annotation-api-1.3.2.jar;D:\space\MavenRepository\maven_jar\org\springframework\spring-core\5.0.9.RELEASE\spring-core-5.0.9.RELEASE.jar;D:\space\MavenRepository\maven_jar\org\springframework\spring-jcl\5.0.9.RELEASE\spring-jcl-5.0.9.RELEASE.jar;D:\space\MavenRepository\maven_jar\org\yaml\snakeyaml\1.19\snakeyaml-1.19.jar;D:\space\MavenRepository\maven_jar\org\springframework\boot\spring-boot-starter-web\2.0.5.RELEASE\spring-boot-starter-web-2.0.5.RELEASE.jar;D:\space\MavenRepository\maven_jar\org\springframework\boot\spring-boot-starter-json\2.0.5.RELEASE\spring-boot-starter-json-2.0.5.RELEASE.jar;D:\space\MavenRepository\maven_jar\com\fasterxml\jackson\core\jackson-databind\2.9.6\jackson-databind-2.9.6.jar;D:\space\MavenRepository\maven_jar\com\fasterxml\jackson\core\jackson-annotations\2.9.0\jackson-annotations-2.9.0.jar;D:\space\MavenRepository\maven_jar\com\fasterxml\jackson\core\jackson-core\2.9.6\jackson-core-2.9.6.jar;D:\space\MavenRepository\maven_jar\com\fasterxml\jackson\datatype\jackson-datatype-jdk8\2.9.6\jackson-datatype-jdk8-2.9.6.jar;D:\space\MavenRepository\maven_jar\com\fasterxml\jackson\datatype\jackson-datatype-jsr310\2.9.6\jackson-datatype-jsr310-2.9.6.jar;D:\space\MavenRepository\maven_jar\com\fasterxml\jackson\module\jackson-module-parameter-names\2.9.6\jackson-module-parameter-names-2.9.6.jar;D:\space\MavenRepository\maven_jar\org\springframework\boot\spring-boot-starter-tomcat\2.0.5.RELEASE\spring-boot-starter-tomcat-2.0.5.RELEASE.jar;D:\space\MavenRepository\maven_jar\org\apache\tomcat\embed\tomcat-embed-core\8.5.34\tomcat-embed-core-8.5.34.jar;D:\space\MavenRepository\maven_jar\org\apache\tomcat\embed\tomcat-embed-el\8.5.34\tomcat-embed-el-8.5.34.jar;D:\space\MavenRepository\maven_jar\org\apache\tomcat\embed\tomcat-embed-websocket\8.5.34\tomcat-embed-websocket-8.5.34.jar;D:\space\MavenRepository\maven_jar\org\hibernate\validator\hibernate-validator\6.0.12.Final\hibernate-validator-6.0.12.Final.jar;D:\space\MavenRepository\maven_jar\javax\validation\validation-api\2.0.1.Final\validation-api-2.0.1.Final.jar;D:\space\MavenRepository\maven_jar\org\jboss\logging\jboss-logging\3.3.2.Final\jboss-logging-3.3.2.Final.jar;D:\space\MavenRepository\maven_jar\com\fasterxml\classmate\1.3.4\classmate-1.3.4.jar;D:\space\MavenRepository\maven_jar\org\springframework\spring-web\5.0.9.RELEASE\spring-web-5.0.9.RELEASE.jar;D:\space\MavenRepository\maven_jar\org\springframework\spring-beans\5.0.9.RELEASE\spring-beans-5.0.9.RELEASE.jar;D:\space\MavenRepository\maven_jar\org\springframework\spring-webmvc\5.0.9.RELEASE\spring-webmvc-5.0.9.RELEASE.jar;D:\space\MavenRepository\maven_jar\org\springframework\spring-aop\5.0.9.RELEASE\spring-aop-5.0.9.RELEASE.jar;D:\space\MavenRepository\maven_jar\org\springframework\spring-expression\5.0.9.RELEASE\spring-expression-5.0.9.RELEASE.jar;D:\space\MavenRepository\maven_jar\junit\junit\4.12\junit-4.12.jar;D:\space\MavenRepository\maven_jar\org\hamcrest\hamcrest-core\1.3\hamcrest-core-1.3.jar;D:\space\MavenRepository\maven_jar\org\springframework\boot\spring-boot-devtools\2.0.5.RELEASE\spring-boot-devtools-2.0.5.RELEASE.jar;D:\space\MavenRepository\maven_jar\org\springframework\boot\spring-boot-starter-freemarker\2.0.5.RELEASE\spring-boot-starter-freemarker-2.0.5.RELEASE.jar;D:\space\MavenRepository\maven_jar\org\freemarker\freemarker\2.3.28\freemarker-2.3.28.jar;D:\space\MavenRepository\maven_jar\org\springframework\spring-context-support\5.0.9.RELEASE\spring-context-support-5.0.9.RELEASE.jar;D:\space\MavenRepository\maven_jar\org\projectlombok\lombok\1.16.22\lombok-1.16.22.jar;D:\space\MavenRepository\maven_jar\org\xerial\sqlite-jdbc\3.23.1\sqlite-jdbc-3.23.1.jar;D:\space\MavenRepository\maven_jar\org\mybatis\spring\boot\mybatis-spring-boot-starter\1.3.1\mybatis-spring-boot-starter-1.3.1.jar;D:\space\MavenRepository\maven_jar\org\springframework\boot\spring-boot-starter-jdbc\2.0.5.RELEASE\spring-boot-starter-jdbc-2.0.5.RELEASE.jar;D:\space\MavenRepository\maven_jar\com\zaxxer\HikariCP\2.7.9\HikariCP-2.7.9.jar;D:\space\MavenRepository\maven_jar\org\springframework\spring-jdbc\5.0.9.RELEASE\spring-jdbc-5.0.9.RELEASE.jar;D:\space\MavenRepository\maven_jar\org\springframework\spring-tx\5.0.9.RELEASE\spring-tx-5.0.9.RELEASE.jar;D:\space\MavenRepository\maven_jar\org\mybatis\spring\boot\mybatis-spring-boot-autoconfigure\1.3.1\mybatis-spring-boot-autoconfigure-1.3.1.jar;D:\space\MavenRepository\maven_jar\org\mybatis\mybatis\3.4.5\mybatis-3.4.5.jar;D:\space\MavenRepository\maven_jar\org\mybatis\mybatis-spring\1.3.1\mybatis-spring-1.3.1.jar;D:\space\MavenRepository\maven_jar\net\sf\json-lib\json-lib\2.2.3\json-lib-2.2.3-jdk15.jar;D:\space\MavenRepository\maven_jar\commons-beanutils\commons-beanutils\1.7.0\commons-beanutils-1.7.0.jar;D:\space\MavenRepository\maven_jar\commons-collections\commons-collections\3.2\commons-collections-3.2.jar;D:\space\MavenRepository\maven_jar\commons-lang\commons-lang\2.4\commons-lang-2.4.jar;D:\space\MavenRepository\maven_jar\commons-logging\commons-logging\1.1.1\commons-logging-1.1.1.jar;D:\space\MavenRepository\maven_jar\net\sf\ezmorph\ezmorph\1.0.6\ezmorph-1.0.6.jar;"/>
    <property name="sun.cpu.endian" value="little"/>
    <property name="user.home" value="C:\Users\zhaoyg"/>
    <property name="user.language" value="zh"/>
    <property name="java.specification.vendor" value="Oracle Corporation"/>
    <property name="java.home" value="D:\program files\Java\jdk1.8.0_152\jre"/>
    <property name="basedir" value="C:\Users\zhaoyg\eclipse-workspace\springboot"/>
    <property name="file.separator" value="\"/>
    <property name="line.separator" value="&#10;"/>
    <property name="java.vm.specification.vendor" value="Oracle Corporation"/>
    <property name="java.specification.name" value="Java Platform API Specification"/>
    <property name="java.awt.graphicsenv" value="sun.awt.Win32GraphicsEnvironment"/>
    <property name="surefire.real.class.path" value="C:\Users\zhaoyg\AppData\Local\Temp\surefire7572141289912080477\surefirebooter6588773236556246643.jar"/>
    <property name="sun.boot.class.path" value="D:\program files\Java\jdk1.8.0_152\jre\lib\resources.jar;D:\program files\Java\jdk1.8.0_152\jre\lib\rt.jar;D:\program files\Java\jdk1.8.0_152\jre\lib\sunrsasign.jar;D:\program files\Java\jdk1.8.0_152\jre\lib\jsse.jar;D:\program files\Java\jdk1.8.0_152\jre\lib\jce.jar;D:\program files\Java\jdk1.8.0_152\jre\lib\charsets.jar;D:\program files\Java\jdk1.8.0_152\jre\lib\jfr.jar;D:\program files\Java\jdk1.8.0_152\jre\classes"/>
    <property name="user.script" value=""/>
    <property name="sun.management.compiler" value="HotSpot 64-Bit Tiered Compilers"/>
    <property name="java.runtime.version" value="1.8.0_152-b16"/>
    <property name="user.name" value="zhaoyg"/>
    <property name="path.separator" value=";"/>
    <property name="os.version" value="10.0"/>
    <property name="java.endorsed.dirs" value="D:\program files\Java\jdk1.8.0_152\jre\lib\endorsed"/>
    <property name="java.runtime.name" value="Java(TM) SE Runtime Environment"/>
    <property name="file.encoding" value="GBK"/>
    <property name="java.vm.name" value="Java HotSpot(TM) 64-Bit Server VM"/>
    <property name="localRepository" value="D:\space\MavenRepository\maven_jar"/>
    <property name="java.vendor.url.bug" value="http://bugreport.sun.com/bugreport/"/>
    <property name="java.io.tmpdir" value="C:\Users\zhaoyg\AppData\Local\Temp\"/>
    <property name="java.version" value="1.8.0_152"/>
    <property name="user.dir" value="C:\Users\zhaoyg\eclipse-workspace\springboot"/>
    <property name="os.arch" value="amd64"/>
    <property name="java.vm.specification.name" value="Java Virtual Machine Specification"/>
    <property name="java.awt.printerjob" value="sun.awt.windows.WPrinterJob"/>
    <property name="sun.os.patch.level" value=""/>
    <property name="java.library.path" value="D:\program files\Java\jdk1.8.0_152\jre\bin;C:\WINDOWS\Sun\Java\bin;C:\WINDOWS\system32;C:\WINDOWS;D:/myJava/bin/server;D:/myJava/bin;D:/myJava/lib/amd64;D:\Anaconda3;D:\Anaconda3\Library\bin;D:\Anaconda3\Scripts;C:\Program Files\NVIDIA GPU Computing Toolkit\CUDA\v10.0\bin;C:\Program Files\NVIDIA GPU Computing Toolkit\CUDA\v10.0\libnvvp;C:\ProgramData\Oracle\Java\javapath;D:\Program Files\Python37\Scripts\;D:\Program Files\Python37\;C:\WinAVR-20100110\bin;C:\WinAVR-20100110\utils\bin;C:\WINDOWS\system32;C:\WINDOWS;C:\WINDOWS\System32\Wbem;C:\WINDOWS\System32\WindowsPowerShell\v1.0\;C:\WINDOWS\System32\OpenSSH\;C:\Program Files\Intel\WiFi\bin\;C:\Program Files\Common Files\Intel\WirelessCommon\;D:\Program Files\MATLAB\R2017a\runtime\win64;D:\Program Files\MATLAB\R2017a\bin;D:\Program Files\MATLAB\R2016a\runtime\win64;D:\Program Files\MATLAB\R2016a\bin;D:\Program Files\MATLAB\R2016a\polyspace\bin;D:\opencv401\opencv\build\x64\vc15\bin;D:\opencv401\opencv\build\x64\vc14\bin;C:\Program Files (x86)\NVIDIA Corporation\PhysX\Common;C:\Program Files\NVIDIA GPU Computing Toolkit\CUDA\v10.0;C:\Program Files\NVIDIA GPU Computing Toolkit\CUDA\v10.0\bin;C:\Program Files\NVIDIA GPU Computing Toolkit\CUDA\v10.0\lib\x64;C:\Program Files\NVIDIA GPU Computing Toolkit\CUDA\v10.0\libnvvp;C:\Program Files\NVIDIA Corporation\NVIDIA NvDLISR;D:\Anaconda3\MinGW\bin;D:\Anaconda3\MinGW\x86_64-w64-mingw32\lib;C:\Users\zhaoyg\AppData\Local\Microsoft\WindowsApps;D:\opencv\build\x64\vc14\bin;C:\Users\zhaoyg\AppData\Roaming\npm;D:\Program Files\CMake\bin;D:\Program Files\JetBrains\PyCharm 2019.2.3\bin;;D:\server\apache-maven-3.6.2\bin;D:\program files\Java\jdk1.8.0_152\bin;D:\program files\Java\jdk1.8.0_152\jre\bin;C:\sqlite;C:\Users\zhaoyg\AppData\Local\Programs\Microsoft VS Code\bin;D:\Anaconda3;D:\Anaconda3\Library\mingw-w64\bin;D:\Anaconda3\Library\bin;D:\Anaconda3\Scripts;;C:\Users\zhaoyg\Desktop;;."/>
    <property name="java.vm.info" value="mixed mode"/>
    <property name="java.vendor" value="Oracle Corporation"/>
    <property name="java.vm.version" value="25.152-b16"/>
    <property name="java.ext.dirs" value="D:\program files\Java\jdk1.8.0_152\jre\lib\ext;C:\WINDOWS\Sun\Java\lib\ext"/>
    <property name="sun.io.unicode.encoding" value="UnicodeLittle"/>
    <property name="java.class.version" value="52.0"/>
  </properties>
  <testcase name="testApp" classname="com.springboot.AppTest" time="0.003"/>
</testsuite>